<testsuites id="" name="" tests="7" failures="0" skipped="0" errors="1" time="167.023005">
<testsuite name="e2e\visual-evidence.spec.ts" timestamp="2026-08-15T12:46:03.291Z" hostname="e2e" tests="7" failures="0" skipped="0" time="115.631" errors="1">
<testcase name="Visual evidence @evidence › 01 — login screen" classname="e2e\visual-evidence.spec.ts" time="7.402">
<system-out>
<![CDATA[
[[ATTACHMENT|traces\visual-evidence-Visual-evidence-evidence-01-—-login-screen-e2e\attachments\01-login-339bc5012a52756aa899905dc21079d3cc3d2dfb.png]]

[[ATTACHMENT|traces\visual-evidence-Visual-evidence-evidence-01-—-login-screen-e2e\test-finished-1.png]]
]]>
</system-out>
</testcase>
<testcase name="Visual evidence @evidence › 02 — dashboard, with the KPI figures recorded" classname="e2e\visual-evidence.spec.ts" time="15.325">
<system-out>
<![CDATA[
[[ATTACHMENT|traces\visual-evidence-Visual-evi-ddcf8-th-the-KPI-figures-recorded-e2e\attachments\02-dashboard-fc7ef9908915c94c843f2082a59e62a4171fab4a.png]]

[[ATTACHMENT|traces\visual-evidence-Visual-evi-ddcf8-th-the-KPI-figures-recorded-e2e\test-finished-1.png]]
]]>
</system-out>
</testcase>
<testcase name="Visual evidence @evidence › 03 — transactions list and its balance" classname="e2e\visual-evidence.spec.ts" time="9.884">
<system-out>
<![CDATA[
[[ATTACHMENT|traces\visual-evidence-Visual-evi-e9703-ctions-list-and-its-balance-e2e\attachments\03-transactions-fa9229117312f344c24cf5c5b45e3152257454c4.png]]

[[ATTACHMENT|traces\visual-evidence-Visual-evi-e9703-ctions-list-and-its-balance-e2e\test-finished-1.png]]
]]>
</system-out>
</testcase>
<testcase name="Visual evidence @evidence › 04 — status filters, one screenshot each" classname="e2e\visual-evidence.spec.ts" time="16.565">
<system-out>
<![CDATA[
[[ATTACHMENT|traces\visual-evidence-Visual-evi-64160-filters-one-screenshot-each-e2e\attachments\04-filter-all-d20e9880b4ad6871d2686d0b3fd75d33ee2040ed.png]]

[[ATTACHMENT|traces\visual-evidence-Visual-evi-64160-filters-one-screenshot-each-e2e\attachments\04-filter-completed-72a42948616c01b1f7f3aadf575af22c06a32f5c.png]]

[[ATTACHMENT|traces\visual-evidence-Visual-evi-64160-filters-one-screenshot-each-e2e\attachments\04-filter-pending-5de3592fee0a8adae7c1f4c9cda975126f1a4e97.png]]

[[ATTACHMENT|traces\visual-evidence-Visual-evi-64160-filters-one-screenshot-each-e2e\attachments\04-filter-failed-abb752948d7057b17ab9bcad01093195941e4db8.png]]

[[ATTACHMENT|traces\visual-evidence-Visual-evi-64160-filters-one-screenshot-each-e2e\test-finished-1.png]]
]]>
</system-out>
</testcase>
<testcase name="Visual evidence @evidence › 05 — transfer form, empty and with validation errors" classname="e2e\visual-evidence.spec.ts" time="12.679">
<system-out>
<![CDATA[
[[ATTACHMENT|traces\visual-evidence-Visual-evi-2fb20--and-with-validation-errors-e2e\attachments\05-transfer-empty-917162184c8335776d1bbf16005afb57ab895b5c.png]]

[[ATTACHMENT|traces\visual-evidence-Visual-evi-2fb20--and-with-validation-errors-e2e\attachments\06-transfer-validation-errors-18f31a6d49a41540dd7e2c3e9d01e36225a0ea5c.png]]

[[ATTACHMENT|traces\visual-evidence-Visual-evi-2fb20--and-with-validation-errors-e2e\test-finished-1.png]]
]]>
</system-out>
</testcase>
<testcase name="Visual evidence @evidence › 06 — role based access, one screenshot per role" classname="e2e\visual-evidence.spec.ts" time="41.353">
<system-out>
<![CDATA[
[[ATTACHMENT|traces\visual-evidence-Visual-evi-eb052-ess-one-screenshot-per-role-e2e\attachments\07-role-admin-fa79e700a2e03f1797ae4e62a944ad526d63d8fb.png]]

[[ATTACHMENT|traces\visual-evidence-Visual-evi-eb052-ess-one-screenshot-per-role-e2e\test-failed-1.png]]

[[ATTACHMENT|traces\visual-evidence-Visual-evi-eb052-ess-one-screenshot-per-role-e2e\error-context.md]]

[[ATTACHMENT|traces\visual-evidence-Visual-evi-eb052-ess-one-screenshot-per-role-e2e\trace.zip]]

[[ATTACHMENT|traces\visual-evidence-Visual-evi-eb052-ess-one-screenshot-per-role-e2e-retry1\attachments\07-role-admin-fa79e700a2e03f1797ae4e62a944ad526d63d8fb.png]]

[[ATTACHMENT|traces\visual-evidence-Visual-evi-eb052-ess-one-screenshot-per-role-e2e-retry1\test-failed-1.png]]

[[ATTACHMENT|traces\visual-evidence-Visual-evi-eb052-ess-one-screenshot-per-role-e2e-retry1\error-context.md]]

[[ATTACHMENT|traces\visual-evidence-Visual-evi-eb052-ess-one-screenshot-per-role-e2e-retry1\trace.zip]]
]]>
</system-out>
<error message="locator.fill: Timeout 10000ms exceeded." type="TimeoutError">
<![CDATA[  [e2e] › e2e\visual-evidence.spec.ts:153:3 › Visual evidence @evidence › 06 — role based access, one screenshot per role 

    TimeoutError: locator.fill: Timeout 10000ms exceeded.
    Call log:
      - waiting for getByPlaceholder('Enter your email')


       at ..\src\pages\login.page.ts:41

      39 |
      40 |   async signIn(email: string, password: string): Promise<void> {
    > 41 |     await this.email.fill(email);
         |                      ^
      42 |     await this.password.fill(password);
      43 |     await this.submit.click();
      44 |   }
        at LoginPage.signIn (C:\Users\GOLD COMPUTERS\Desktop\NexaPay-QA-Samuel\src\pages\login.page.ts:41:22)
        at C:\Users\GOLD COMPUTERS\Desktop\NexaPay-QA-Samuel\tests\e2e\visual-evidence.spec.ts:161:19

    attachment #1: 07-role-admin (image/png) ───────────────────────────────────────────────────────
    ..\evidence\traces\visual-evidence-Visual-evi-eb052-ess-one-screenshot-per-role-e2e\attachments\07-role-admin-fa79e700a2e03f1797ae4e62a944ad526d63d8fb.png
    ────────────────────────────────────────────────────────────────────────────────────────────────

    attachment #3: screenshot (image/png) ──────────────────────────────────────────────────────────
    ..\evidence\traces\visual-evidence-Visual-evi-eb052-ess-one-screenshot-per-role-e2e\test-failed-1.png
    ────────────────────────────────────────────────────────────────────────────────────────────────

    Error Context: ..\evidence\traces\visual-evidence-Visual-evi-eb052-ess-one-screenshot-per-role-e2e\error-context.md

    attachment #5: trace (application/zip) ─────────────────────────────────────────────────────────
    ..\evidence\traces\visual-evidence-Visual-evi-eb052-ess-one-screenshot-per-role-e2e\trace.zip
    Usage:

        npx playwright show-trace ..\evidence\traces\visual-evidence-Visual-evi-eb052-ess-one-screenshot-per-role-e2e\trace.zip

    ────────────────────────────────────────────────────────────────────────────────────────────────

    Retry #1 ───────────────────────────────────────────────────────────────────────────────────────

    TimeoutError: locator.fill: Timeout 10000ms exceeded.
    Call log:
      - waiting for getByPlaceholder('Enter your email')


       at ..\src\pages\login.page.ts:41

      39 |
      40 |   async signIn(email: string, password: string): Promise<void> {
    > 41 |     await this.email.fill(email);
         |                      ^
      42 |     await this.password.fill(password);
      43 |     await this.submit.click();
      44 |   }
        at LoginPage.signIn (C:\Users\GOLD COMPUTERS\Desktop\NexaPay-QA-Samuel\src\pages\login.page.ts:41:22)
        at C:\Users\GOLD COMPUTERS\Desktop\NexaPay-QA-Samuel\tests\e2e\visual-evidence.spec.ts:161:19

    attachment #1: 07-role-admin (image/png) ───────────────────────────────────────────────────────
    ..\evidence\traces\visual-evidence-Visual-evi-eb052-ess-one-screenshot-per-role-e2e-retry1\attachments\07-role-admin-fa79e700a2e03f1797ae4e62a944ad526d63d8fb.png
    ────────────────────────────────────────────────────────────────────────────────────────────────

    attachment #3: screenshot (image/png) ──────────────────────────────────────────────────────────
    ..\evidence\traces\visual-evidence-Visual-evi-eb052-ess-one-screenshot-per-role-e2e-retry1\test-failed-1.png
    ────────────────────────────────────────────────────────────────────────────────────────────────

    Error Context: ..\evidence\traces\visual-evidence-Visual-evi-eb052-ess-one-screenshot-per-role-e2e-retry1\error-context.md

    attachment #5: trace (application/zip) ─────────────────────────────────────────────────────────
    ..\evidence\traces\visual-evidence-Visual-evi-eb052-ess-one-screenshot-per-role-e2e-retry1\trace.zip
    Usage:

        npx playwright show-trace ..\evidence\traces\visual-evidence-Visual-evi-eb052-ess-one-screenshot-per-role-e2e-retry1\trace.zip

    ────────────────────────────────────────────────────────────────────────────────────────────────
]]>
</error>
</testcase>
<testcase name="Visual evidence @evidence › 07 — member is bounced off the admin route" classname="e2e\visual-evidence.spec.ts" time="12.423">
<system-out>
<![CDATA[
[[ATTACHMENT|traces\visual-evidence-Visual-evi-cb94e-bounced-off-the-admin-route-e2e\attachments\08-member-blocked-from-admin-192e9f45e394a7c2c8691e26a0f074ca09634f4c.png]]

[[ATTACHMENT|traces\visual-evidence-Visual-evi-cb94e-bounced-off-the-admin-route-e2e\test-finished-1.png]]
]]>
</system-out>
</testcase>
</testsuite>
</testsuites>